<?xml version="1.0" encoding="UTF-8"?>
<!-- Generated by org.testng.reporters.JUnitReportReporter -->
<testsuite hostname="TTNPL-MohammadFarhan" failures="0" tests="4" name="assignment1.CalculatorTest1" time="0.011" errors="0" timestamp="2023-04-11T09:14:49 IST" skipped="0">
  <testcase classname="assignment1.CalculatorTest1" name="subtractTesting" time="0.001"/>
  <system-out/>
  <testcase classname="assignment1.CalculatorTest1" name="multiplingFunTesting" time="0.001"/>
  <system-out/>
  <testcase classname="assignment1.CalculatorTest1" name="addingTest" time="0.008"/>
  <system-out/>
  <testcase classname="assignment1.CalculatorTest1" name="divisionTesting" time="0.001"/>
  <system-out/>
</testsuite> <!-- assignment1.CalculatorTest1 -->
